2023-06-08T20:08:07+00:00 CRITICAL Uncaught TypeError: Cannot access offset of type string on string in /home/wmcwghxa/public_html/wp-content/themes/prysm/single.php:13
Stack trace:
#0 /home/wmcwghxa/public_html/wp-includes/template-loader.php(106): include()
#1 /home/wmcwghxa/public_html/wp-blog-header.php(19): require_once('/home/wmcwghxa/...')
#2 /home/wmcwghxa/public_html/index.php(17): require('/home/wmcwghxa/...')
#3 {main}
  thrown in /home/wmcwghxa/public_html/wp-content/themes/prysm/single.php on line 13

2023-06-08T20:08:24+00:00 CRITICAL Uncaught TypeError: Cannot access offset of type string on string in /home/wmcwghxa/public_html/wp-content/themes/prysm/single.php:13
Stack trace:
#0 /home/wmcwghxa/public_html/wp-includes/template-loader.php(106): include()
#1 /home/wmcwghxa/public_html/wp-blog-header.php(19): require_once('/home/wmcwghxa/...')
#2 /home/wmcwghxa/public_html/index.php(17): require('/home/wmcwghxa/...')
#3 {main}
  thrown in /home/wmcwghxa/public_html/wp-content/themes/prysm/single.php on line 13

2023-06-08T20:12:24+00:00 CRITICAL Uncaught TypeError: Cannot access offset of type string on string in /home/wmcwghxa/public_html/wp-content/themes/prysm/single.php:13
Stack trace:
#0 /home/wmcwghxa/public_html/wp-includes/template-loader.php(106): include()
#1 /home/wmcwghxa/public_html/wp-blog-header.php(19): require_once('/home/wmcwghxa/...')
#2 /home/wmcwghxa/public_html/index.php(17): require('/home/wmcwghxa/...')
#3 {main}
  thrown in /home/wmcwghxa/public_html/wp-content/themes/prysm/single.php on line 13

2023-06-08T20:12:34+00:00 CRITICAL Uncaught TypeError: Cannot access offset of type string on string in /home/wmcwghxa/public_html/wp-content/themes/prysm/single.php:13
Stack trace:
#0 /home/wmcwghxa/public_html/wp-includes/template-loader.php(106): include()
#1 /home/wmcwghxa/public_html/wp-blog-header.php(19): require_once('/home/wmcwghxa/...')
#2 /home/wmcwghxa/public_html/index.php(17): require('/home/wmcwghxa/...')
#3 {main}
  thrown in /home/wmcwghxa/public_html/wp-content/themes/prysm/single.php on line 13

2023-06-08T20:13:16+00:00 CRITICAL Uncaught TypeError: Cannot access offset of type string on string in /home/wmcwghxa/public_html/wp-content/themes/prysm/single.php:13
Stack trace:
#0 /home/wmcwghxa/public_html/wp-includes/template-loader.php(106): include()
#1 /home/wmcwghxa/public_html/wp-blog-header.php(19): require_once('/home/wmcwghxa/...')
#2 /home/wmcwghxa/public_html/index.php(17): require('/home/wmcwghxa/...')
#3 {main}
  thrown in /home/wmcwghxa/public_html/wp-content/themes/prysm/single.php on line 13

2023-06-08T20:13:18+00:00 CRITICAL Uncaught TypeError: Cannot access offset of type string on string in /home/wmcwghxa/public_html/wp-content/themes/prysm/single.php:13
Stack trace:
#0 /home/wmcwghxa/public_html/wp-includes/template-loader.php(106): include()
#1 /home/wmcwghxa/public_html/wp-blog-header.php(19): require_once('/home/wmcwghxa/...')
#2 /home/wmcwghxa/public_html/index.php(17): require('/home/wmcwghxa/...')
#3 {main}
  thrown in /home/wmcwghxa/public_html/wp-content/themes/prysm/single.php on line 13

2023-06-08T20:13:18+00:00 CRITICAL Uncaught TypeError: Cannot access offset of type string on string in /home/wmcwghxa/public_html/wp-content/themes/prysm/single.php:13
Stack trace:
#0 /home/wmcwghxa/public_html/wp-includes/template-loader.php(106): include()
#1 /home/wmcwghxa/public_html/wp-blog-header.php(19): require_once('/home/wmcwghxa/...')
#2 /home/wmcwghxa/public_html/index.php(17): require('/home/wmcwghxa/...')
#3 {main}
  thrown in /home/wmcwghxa/public_html/wp-content/themes/prysm/single.php on line 13

2023-06-08T20:13:23+00:00 CRITICAL Uncaught TypeError: Cannot access offset of type string on string in /home/wmcwghxa/public_html/wp-content/themes/prysm/single.php:13
Stack trace:
#0 /home/wmcwghxa/public_html/wp-includes/template-loader.php(106): include()
#1 /home/wmcwghxa/public_html/wp-blog-header.php(19): require_once('/home/wmcwghxa/...')
#2 /home/wmcwghxa/public_html/index.php(17): require('/home/wmcwghxa/...')
#3 {main}
  thrown in /home/wmcwghxa/public_html/wp-content/themes/prysm/single.php on line 13

2023-06-08T20:13:24+00:00 CRITICAL Uncaught TypeError: Cannot access offset of type string on string in /home/wmcwghxa/public_html/wp-content/themes/prysm/single.php:13
Stack trace:
#0 /home/wmcwghxa/public_html/wp-includes/template-loader.php(106): include()
#1 /home/wmcwghxa/public_html/wp-blog-header.php(19): require_once('/home/wmcwghxa/...')
#2 /home/wmcwghxa/public_html/index.php(17): require('/home/wmcwghxa/...')
#3 {main}
  thrown in /home/wmcwghxa/public_html/wp-content/themes/prysm/single.php on line 13

2023-06-08T20:13:51+00:00 CRITICAL Uncaught TypeError: Cannot access offset of type string on string in /home/wmcwghxa/public_html/wp-content/themes/prysm/single.php:13
Stack trace:
#0 /home/wmcwghxa/public_html/wp-includes/template-loader.php(106): include()
#1 /home/wmcwghxa/public_html/wp-blog-header.php(19): require_once('/home/wmcwghxa/...')
#2 /home/wmcwghxa/public_html/index.php(17): require('/home/wmcwghxa/...')
#3 {main}
  thrown in /home/wmcwghxa/public_html/wp-content/themes/prysm/single.php on line 13

2023-06-08T20:13:52+00:00 CRITICAL Uncaught TypeError: Cannot access offset of type string on string in /home/wmcwghxa/public_html/wp-content/themes/prysm/single.php:13
Stack trace:
#0 /home/wmcwghxa/public_html/wp-includes/template-loader.php(106): include()
#1 /home/wmcwghxa/public_html/wp-blog-header.php(19): require_once('/home/wmcwghxa/...')
#2 /home/wmcwghxa/public_html/index.php(17): require('/home/wmcwghxa/...')
#3 {main}
  thrown in /home/wmcwghxa/public_html/wp-content/themes/prysm/single.php on line 13

2023-06-08T20:13:55+00:00 CRITICAL Uncaught TypeError: Cannot access offset of type string on string in /home/wmcwghxa/public_html/wp-content/themes/prysm/single.php:13
Stack trace:
#0 /home/wmcwghxa/public_html/wp-includes/template-loader.php(106): include()
#1 /home/wmcwghxa/public_html/wp-blog-header.php(19): require_once('/home/wmcwghxa/...')
#2 /home/wmcwghxa/public_html/index.php(17): require('/home/wmcwghxa/...')
#3 {main}
  thrown in /home/wmcwghxa/public_html/wp-content/themes/prysm/single.php on line 13

2023-06-08T20:14:17+00:00 CRITICAL Uncaught TypeError: Cannot access offset of type string on string in /home/wmcwghxa/public_html/wp-content/themes/prysm/single.php:13
Stack trace:
#0 /home/wmcwghxa/public_html/wp-includes/template-loader.php(106): include()
#1 /home/wmcwghxa/public_html/wp-blog-header.php(19): require_once('/home/wmcwghxa/...')
#2 /home/wmcwghxa/public_html/index.php(17): require('/home/wmcwghxa/...')
#3 {main}
  thrown in /home/wmcwghxa/public_html/wp-content/themes/prysm/single.php on line 13

